<?xml version="1.0" encoding="UTF-8"?>
<testsuite xmlns:xsi="http://www.w3.org/2001/XMLSchema-instance" xsi:noNamespaceSchemaLocation="https://maven.apache.org/surefire/maven-surefire-plugin/xsd/surefire-test-report-3.0.xsd" version="3.0" name="com.microblogging.project.ProjectApplicationTests" time="2.574" tests="1" errors="0" skipped="0" failures="0">
  <properties>
    <property name="java.specification.version" value="21"/>
    <property name="sun.jnu.encoding" value="UTF-8"/>
    <property name="java.class.path" value="/Users/dariomarranti/Develop/Workspace/personal/microblogging/target/test-classes:/Users/dariomarranti/Develop/Workspace/personal/microblogging/target/classes:/Users/dariomarranti/.m2/repository/org/springframework/boot/spring-boot-starter-web/3.4.0/spring-boot-starter-web-3.4.0.jar:/Users/dariomarranti/.m2/repository/org/springframework/boot/spring-boot-starter/3.4.0/spring-boot-starter-3.4.0.jar:/Users/dariomarranti/.m2/repository/org/springframework/boot/spring-boot/3.4.0/spring-boot-3.4.0.jar:/Users/dariomarranti/.m2/repository/org/springframework/boot/spring-boot-autoconfigure/3.4.0/spring-boot-autoconfigure-3.4.0.jar:/Users/dariomarranti/.m2/repository/org/springframework/boot/spring-boot-starter-logging/3.4.0/spring-boot-starter-logging-3.4.0.jar:/Users/dariomarranti/.m2/repository/org/apache/logging/log4j/log4j-to-slf4j/2.24.1/log4j-to-slf4j-2.24.1.jar:/Users/dariomarranti/.m2/repository/org/apache/logging/log4j/log4j-api/2.24.1/log4j-api-2.24.1.jar:/Users/dariomarranti/.m2/repository/org/slf4j/jul-to-slf4j/2.0.16/jul-to-slf4j-2.0.16.jar:/Users/dariomarranti/.m2/repository/jakarta/annotation/jakarta.annotation-api/2.1.1/jakarta.annotation-api-2.1.1.jar:/Users/dariomarranti/.m2/repository/org/yaml/snakeyaml/2.3/snakeyaml-2.3.jar:/Users/dariomarranti/.m2/repository/org/springframework/boot/spring-boot-starter-json/3.4.0/spring-boot-starter-json-3.4.0.jar:/Users/dariomarranti/.m2/repository/com/fasterxml/jackson/datatype/jackson-datatype-jdk8/2.18.1/jackson-datatype-jdk8-2.18.1.jar:/Users/dariomarranti/.m2/repository/com/fasterxml/jackson/datatype/jackson-datatype-jsr310/2.18.1/jackson-datatype-jsr310-2.18.1.jar:/Users/dariomarranti/.m2/repository/com/fasterxml/jackson/module/jackson-module-parameter-names/2.18.1/jackson-module-parameter-names-2.18.1.jar:/Users/dariomarranti/.m2/repository/org/springframework/boot/spring-boot-starter-tomcat/3.4.0/spring-boot-starter-tomcat-3.4.0.jar:/Users/dariomarranti/.m2/repository/org/apache/tomcat/embed/tomcat-embed-core/10.1.33/tomcat-embed-core-10.1.33.jar:/Users/dariomarranti/.m2/repository/org/apache/tomcat/embed/tomcat-embed-websocket/10.1.33/tomcat-embed-websocket-10.1.33.jar:/Users/dariomarranti/.m2/repository/org/springframework/spring-web/6.2.0/spring-web-6.2.0.jar:/Users/dariomarranti/.m2/repository/org/springframework/spring-beans/6.2.0/spring-beans-6.2.0.jar:/Users/dariomarranti/.m2/repository/org/springframework/spring-webmvc/6.2.0/spring-webmvc-6.2.0.jar:/Users/dariomarranti/.m2/repository/org/springframework/spring-aop/6.2.0/spring-aop-6.2.0.jar:/Users/dariomarranti/.m2/repository/org/springframework/spring-expression/6.2.0/spring-expression-6.2.0.jar:/Users/dariomarranti/.m2/repository/org/springframework/boot/spring-boot-starter-data-jpa/3.4.0/spring-boot-starter-data-jpa-3.4.0.jar:/Users/dariomarranti/.m2/repository/org/springframework/boot/spring-boot-starter-jdbc/3.4.0/spring-boot-starter-jdbc-3.4.0.jar:/Users/dariomarranti/.m2/repository/com/zaxxer/HikariCP/5.1.0/HikariCP-5.1.0.jar:/Users/dariomarranti/.m2/repository/org/springframework/spring-jdbc/6.2.0/spring-jdbc-6.2.0.jar:/Users/dariomarranti/.m2/repository/org/hibernate/orm/hibernate-core/6.6.2.Final/hibernate-core-6.6.2.Final.jar:/Users/dariomarranti/.m2/repository/jakarta/persistence/jakarta.persistence-api/3.1.0/jakarta.persistence-api-3.1.0.jar:/Users/dariomarranti/.m2/repository/jakarta/transaction/jakarta.transaction-api/2.0.1/jakarta.transaction-api-2.0.1.jar:/Users/dariomarranti/.m2/repository/org/jboss/logging/jboss-logging/3.6.1.Final/jboss-logging-3.6.1.Final.jar:/Users/dariomarranti/.m2/repository/org/hibernate/common/hibernate-commons-annotations/7.0.3.Final/hibernate-commons-annotations-7.0.3.Final.jar:/Users/dariomarranti/.m2/repository/io/smallrye/jandex/3.2.0/jandex-3.2.0.jar:/Users/dariomarranti/.m2/repository/com/fasterxml/classmate/1.7.0/classmate-1.7.0.jar:/Users/dariomarranti/.m2/repository/net/bytebuddy/byte-buddy/1.15.10/byte-buddy-1.15.10.jar:/Users/dariomarranti/.m2/repository/org/glassfish/jaxb/jaxb-runtime/4.0.5/jaxb-runtime-4.0.5.jar:/Users/dariomarranti/.m2/repository/org/glassfish/jaxb/jaxb-core/4.0.5/jaxb-core-4.0.5.jar:/Users/dariomarranti/.m2/repository/org/eclipse/angus/angus-activation/2.0.2/angus-activation-2.0.2.jar:/Users/dariomarranti/.m2/repository/org/glassfish/jaxb/txw2/4.0.5/txw2-4.0.5.jar:/Users/dariomarranti/.m2/repository/com/sun/istack/istack-commons-runtime/4.1.2/istack-commons-runtime-4.1.2.jar:/Users/dariomarranti/.m2/repository/jakarta/inject/jakarta.inject-api/2.0.1/jakarta.inject-api-2.0.1.jar:/Users/dariomarranti/.m2/repository/org/antlr/antlr4-runtime/4.13.0/antlr4-runtime-4.13.0.jar:/Users/dariomarranti/.m2/repository/org/springframework/data/spring-data-jpa/3.4.0/spring-data-jpa-3.4.0.jar:/Users/dariomarranti/.m2/repository/org/springframework/data/spring-data-commons/3.4.0/spring-data-commons-3.4.0.jar:/Users/dariomarranti/.m2/repository/org/springframework/spring-orm/6.2.0/spring-orm-6.2.0.jar:/Users/dariomarranti/.m2/repository/org/springframework/spring-aspects/6.2.0/spring-aspects-6.2.0.jar:/Users/dariomarranti/.m2/repository/org/aspectj/aspectjweaver/1.9.22.1/aspectjweaver-1.9.22.1.jar:/Users/dariomarranti/.m2/repository/com/h2database/h2/2.3.232/h2-2.3.232.jar:/Users/dariomarranti/.m2/repository/org/springframework/boot/spring-boot-starter-data-redis/3.4.0/spring-boot-starter-data-redis-3.4.0.jar:/Users/dariomarranti/.m2/repository/org/springframework/data/spring-data-redis/3.4.0/spring-data-redis-3.4.0.jar:/Users/dariomarranti/.m2/repository/org/springframework/data/spring-data-keyvalue/3.4.0/spring-data-keyvalue-3.4.0.jar:/Users/dariomarranti/.m2/repository/org/springframework/spring-oxm/6.2.0/spring-oxm-6.2.0.jar:/Users/dariomarranti/.m2/repository/org/springframework/spring-context-support/6.2.0/spring-context-support-6.2.0.jar:/Users/dariomarranti/.m2/repository/redis/clients/jedis/5.2.0/jedis-5.2.0.jar:/Users/dariomarranti/.m2/repository/org/slf4j/slf4j-api/2.0.16/slf4j-api-2.0.16.jar:/Users/dariomarranti/.m2/repository/org/apache/commons/commons-pool2/2.12.0/commons-pool2-2.12.0.jar:/Users/dariomarranti/.m2/repository/org/json/json/20240303/json-20240303.jar:/Users/dariomarranti/.m2/repository/com/google/code/gson/gson/2.11.0/gson-2.11.0.jar:/Users/dariomarranti/.m2/repository/com/google/errorprone/error_prone_annotations/2.27.0/error_prone_annotations-2.27.0.jar:/Users/dariomarranti/.m2/repository/com/fasterxml/jackson/core/jackson-databind/2.18.1/jackson-databind-2.18.1.jar:/Users/dariomarranti/.m2/repository/com/fasterxml/jackson/core/jackson-annotations/2.18.1/jackson-annotations-2.18.1.jar:/Users/dariomarranti/.m2/repository/com/fasterxml/jackson/core/jackson-core/2.18.1/jackson-core-2.18.1.jar:/Users/dariomarranti/.m2/repository/org/projectlombok/lombok/1.18.30/lombok-1.18.30.jar:/Users/dariomarranti/.m2/repository/org/springframework/boot/spring-boot-starter-test/3.4.0/spring-boot-starter-test-3.4.0.jar:/Users/dariomarranti/.m2/repository/org/springframework/boot/spring-boot-test/3.4.0/spring-boot-test-3.4.0.jar:/Users/dariomarranti/.m2/repository/org/springframework/boot/spring-boot-test-autoconfigure/3.4.0/spring-boot-test-autoconfigure-3.4.0.jar:/Users/dariomarranti/.m2/repository/com/jayway/jsonpath/json-path/2.9.0/json-path-2.9.0.jar:/Users/dariomarranti/.m2/repository/jakarta/xml/bind/jakarta.xml.bind-api/4.0.2/jakarta.xml.bind-api-4.0.2.jar:/Users/dariomarranti/.m2/repository/jakarta/activation/jakarta.activation-api/2.1.3/jakarta.activation-api-2.1.3.jar:/Users/dariomarranti/.m2/repository/net/minidev/json-smart/2.5.1/json-smart-2.5.1.jar:/Users/dariomarranti/.m2/repository/net/minidev/accessors-smart/2.5.1/accessors-smart-2.5.1.jar:/Users/dariomarranti/.m2/repository/org/ow2/asm/asm/9.6/asm-9.6.jar:/Users/dariomarranti/.m2/repository/org/assertj/assertj-core/3.26.3/assertj-core-3.26.3.jar:/Users/dariomarranti/.m2/repository/org/awaitility/awaitility/4.2.2/awaitility-4.2.2.jar:/Users/dariomarranti/.m2/repository/org/hamcrest/hamcrest/2.2/hamcrest-2.2.jar:/Users/dariomarranti/.m2/repository/org/junit/jupiter/junit-jupiter/5.11.3/junit-jupiter-5.11.3.jar:/Users/dariomarranti/.m2/repository/org/junit/jupiter/junit-jupiter-params/5.11.3/junit-jupiter-params-5.11.3.jar:/Users/dariomarranti/.m2/repository/org/junit/jupiter/junit-jupiter-engine/5.11.3/junit-jupiter-engine-5.11.3.jar:/Users/dariomarranti/.m2/repository/org/mockito/mockito-core/5.14.2/mockito-core-5.14.2.jar:/Users/dariomarranti/.m2/repository/net/bytebuddy/byte-buddy-agent/1.15.10/byte-buddy-agent-1.15.10.jar:/Users/dariomarranti/.m2/repository/org/objenesis/objenesis/3.3/objenesis-3.3.jar:/Users/dariomarranti/.m2/repository/org/skyscreamer/jsonassert/1.5.3/jsonassert-1.5.3.jar:/Users/dariomarranti/.m2/repository/com/vaadin/external/google/android-json/0.0.20131108.vaadin1/android-json-0.0.20131108.vaadin1.jar:/Users/dariomarranti/.m2/repository/org/springframework/spring-core/6.2.0/spring-core-6.2.0.jar:/Users/dariomarranti/.m2/repository/org/springframework/spring-jcl/6.2.0/spring-jcl-6.2.0.jar:/Users/dariomarranti/.m2/repository/org/springframework/spring-test/6.2.0/spring-test-6.2.0.jar:/Users/dariomarranti/.m2/repository/org/xmlunit/xmlunit-core/2.10.0/xmlunit-core-2.10.0.jar:/Users/dariomarranti/.m2/repository/org/springframework/kafka/spring-kafka/3.3.0/spring-kafka-3.3.0.jar:/Users/dariomarranti/.m2/repository/org/springframework/spring-context/6.2.0/spring-context-6.2.0.jar:/Users/dariomarranti/.m2/repository/org/springframework/spring-messaging/6.2.0/spring-messaging-6.2.0.jar:/Users/dariomarranti/.m2/repository/org/springframework/spring-tx/6.2.0/spring-tx-6.2.0.jar:/Users/dariomarranti/.m2/repository/org/springframework/retry/spring-retry/2.0.10/spring-retry-2.0.10.jar:/Users/dariomarranti/.m2/repository/org/apache/kafka/kafka-clients/3.8.1/kafka-clients-3.8.1.jar:/Users/dariomarranti/.m2/repository/com/github/luben/zstd-jni/1.5.6-4/zstd-jni-1.5.6-4.jar:/Users/dariomarranti/.m2/repository/org/lz4/lz4-java/1.8.0/lz4-java-1.8.0.jar:/Users/dariomarranti/.m2/repository/org/xerial/snappy/snappy-java/1.1.10.5/snappy-java-1.1.10.5.jar:/Users/dariomarranti/.m2/repository/io/micrometer/micrometer-observation/1.14.1/micrometer-observation-1.14.1.jar:/Users/dariomarranti/.m2/repository/io/micrometer/micrometer-commons/1.14.1/micrometer-commons-1.14.1.jar:/Users/dariomarranti/.m2/repository/org/springframework/kafka/spring-kafka-test/3.3.0/spring-kafka-test-3.3.0.jar:/Users/dariomarranti/.m2/repository/org/apache/zookeeper/zookeeper/3.8.4/zookeeper-3.8.4.jar:/Users/dariomarranti/.m2/repository/org/apache/zookeeper/zookeeper-jute/3.8.4/zookeeper-jute-3.8.4.jar:/Users/dariomarranti/.m2/repository/org/apache/yetus/audience-annotations/0.12.0/audience-annotations-0.12.0.jar:/Users/dariomarranti/.m2/repository/io/netty/netty-handler/4.1.115.Final/netty-handler-4.1.115.Final.jar:/Users/dariomarranti/.m2/repository/io/netty/netty-common/4.1.115.Final/netty-common-4.1.115.Final.jar:/Users/dariomarranti/.m2/repository/io/netty/netty-resolver/4.1.115.Final/netty-resolver-4.1.115.Final.jar:/Users/dariomarranti/.m2/repository/io/netty/netty-buffer/4.1.115.Final/netty-buffer-4.1.115.Final.jar:/Users/dariomarranti/.m2/repository/io/netty/netty-transport/4.1.115.Final/netty-transport-4.1.115.Final.jar:/Users/dariomarranti/.m2/repository/io/netty/netty-transport-native-unix-common/4.1.115.Final/netty-transport-native-unix-common-4.1.115.Final.jar:/Users/dariomarranti/.m2/repository/io/netty/netty-codec/4.1.115.Final/netty-codec-4.1.115.Final.jar:/Users/dariomarranti/.m2/repository/io/netty/netty-transport-native-epoll/4.1.115.Final/netty-transport-native-epoll-4.1.115.Final.jar:/Users/dariomarranti/.m2/repository/io/netty/netty-transport-classes-epoll/4.1.115.Final/netty-transport-classes-epoll-4.1.115.Final.jar:/Users/dariomarranti/.m2/repository/ch/qos/logback/logback-core/1.5.12/logback-core-1.5.12.jar:/Users/dariomarranti/.m2/repository/ch/qos/logback/logback-classic/1.5.12/logback-classic-1.5.12.jar:/Users/dariomarranti/.m2/repository/commons-io/commons-io/2.11.0/commons-io-2.11.0.jar:/Users/dariomarranti/.m2/repository/org/apache/kafka/kafka-clients/3.8.1/kafka-clients-3.8.1-test.jar:/Users/dariomarranti/.m2/repository/org/apache/kafka/kafka-metadata/3.8.1/kafka-metadata-3.8.1.jar:/Users/dariomarranti/.m2/repository/org/apache/kafka/kafka-raft/3.8.1/kafka-raft-3.8.1.jar:/Users/dariomarranti/.m2/repository/com/yammer/metrics/metrics-core/2.2.0/metrics-core-2.2.0.jar:/Users/dariomarranti/.m2/repository/org/apache/kafka/kafka-server-common/3.8.1/kafka-server-common-3.8.1.jar:/Users/dariomarranti/.m2/repository/net/sf/jopt-simple/jopt-simple/5.0.4/jopt-simple-5.0.4.jar:/Users/dariomarranti/.m2/repository/org/pcollections/pcollections/4.0.1/pcollections-4.0.1.jar:/Users/dariomarranti/.m2/repository/org/apache/kafka/kafka-server-common/3.8.1/kafka-server-common-3.8.1-test.jar:/Users/dariomarranti/.m2/repository/org/apache/kafka/kafka-streams-test-utils/3.8.1/kafka-streams-test-utils-3.8.1.jar:/Users/dariomarranti/.m2/repository/org/apache/kafka/kafka-streams/3.8.1/kafka-streams-3.8.1.jar:/Users/dariomarranti/.m2/repository/org/rocksdb/rocksdbjni/7.9.2/rocksdbjni-7.9.2.jar:/Users/dariomarranti/.m2/repository/org/apache/kafka/kafka_2.13/3.8.1/kafka_2.13-3.8.1.jar:/Users/dariomarranti/.m2/repository/org/scala-lang/scala-library/2.13.14/scala-library-2.13.14.jar:/Users/dariomarranti/.m2/repository/org/apache/kafka/kafka-group-coordinator-api/3.8.1/kafka-group-coordinator-api-3.8.1.jar:/Users/dariomarranti/.m2/repository/org/apache/kafka/kafka-group-coordinator/3.8.1/kafka-group-coordinator-3.8.1.jar:/Users/dariomarranti/.m2/repository/org/apache/kafka/kafka-transaction-coordinator/3.8.1/kafka-transaction-coordinator-3.8.1.jar:/Users/dariomarranti/.m2/repository/org/apache/kafka/kafka-storage-api/3.8.1/kafka-storage-api-3.8.1.jar:/Users/dariomarranti/.m2/repository/org/apache/kafka/kafka-tools-api/3.8.1/kafka-tools-api-3.8.1.jar:/Users/dariomarranti/.m2/repository/org/apache/kafka/kafka-storage/3.8.1/kafka-storage-3.8.1.jar:/Users/dariomarranti/.m2/repository/com/github/ben-manes/caffeine/caffeine/3.1.8/caffeine-3.1.8.jar:/Users/dariomarranti/.m2/repository/org/checkerframework/checker-qual/3.37.0/checker-qual-3.37.0.jar:/Users/dariomarranti/.m2/repository/org/apache/kafka/kafka-server/3.8.1/kafka-server-3.8.1.jar:/Users/dariomarranti/.m2/repository/net/sourceforge/argparse4j/argparse4j/0.7.0/argparse4j-0.7.0.jar:/Users/dariomarranti/.m2/repository/commons-validator/commons-validator/1.7/commons-validator-1.7.jar:/Users/dariomarranti/.m2/repository/commons-beanutils/commons-beanutils/1.9.4/commons-beanutils-1.9.4.jar:/Users/dariomarranti/.m2/repository/commons-digester/commons-digester/2.1/commons-digester-2.1.jar:/Users/dariomarranti/.m2/repository/commons-collections/commons-collections/3.2.2/commons-collections-3.2.2.jar:/Users/dariomarranti/.m2/repository/com/fasterxml/jackson/module/jackson-module-scala_2.13/2.18.1/jackson-module-scala_2.13-2.18.1.jar:/Users/dariomarranti/.m2/repository/com/thoughtworks/paranamer/paranamer/2.8/paranamer-2.8.jar:/Users/dariomarranti/.m2/repository/com/fasterxml/jackson/dataformat/jackson-dataformat-csv/2.18.1/jackson-dataformat-csv-2.18.1.jar:/Users/dariomarranti/.m2/repository/org/bitbucket/b_c/jose4j/0.9.4/jose4j-0.9.4.jar:/Users/dariomarranti/.m2/repository/org/scala-lang/modules/scala-collection-compat_2.13/2.10.0/scala-collection-compat_2.13-2.10.0.jar:/Users/dariomarranti/.m2/repository/org/scala-lang/modules/scala-java8-compat_2.13/1.0.2/scala-java8-compat_2.13-1.0.2.jar:/Users/dariomarranti/.m2/repository/org/scala-lang/scala-reflect/2.13.14/scala-reflect-2.13.14.jar:/Users/dariomarranti/.m2/repository/com/typesafe/scala-logging/scala-logging_2.13/3.9.4/scala-logging_2.13-3.9.4.jar:/Users/dariomarranti/.m2/repository/io/dropwizard/metrics/metrics-core/4.1.12.1/metrics-core-4.1.12.1.jar:/Users/dariomarranti/.m2/repository/commons-cli/commons-cli/1.4/commons-cli-1.4.jar:/Users/dariomarranti/.m2/repository/org/apache/kafka/kafka_2.13/3.8.1/kafka_2.13-3.8.1-test.jar:/Users/dariomarranti/.m2/repository/org/junit/jupiter/junit-jupiter-api/5.11.3/junit-jupiter-api-5.11.3.jar:/Users/dariomarranti/.m2/repository/org/opentest4j/opentest4j/1.3.0/opentest4j-1.3.0.jar:/Users/dariomarranti/.m2/repository/org/junit/platform/junit-platform-commons/1.11.3/junit-platform-commons-1.11.3.jar:/Users/dariomarranti/.m2/repository/org/apiguardian/apiguardian-api/1.1.2/apiguardian-api-1.1.2.jar:/Users/dariomarranti/.m2/repository/org/junit/platform/junit-platform-launcher/1.11.3/junit-platform-launcher-1.11.3.jar:/Users/dariomarranti/.m2/repository/org/junit/platform/junit-platform-engine/1.11.3/junit-platform-engine-1.11.3.jar:/Users/dariomarranti/.m2/repository/org/mockito/mockito-junit-jupiter/5.14.2/mockito-junit-jupiter-5.14.2.jar:/Users/dariomarranti/.m2/repository/org/springframework/boot/spring-boot-starter-validation/3.4.0/spring-boot-starter-validation-3.4.0.jar:/Users/dariomarranti/.m2/repository/org/apache/tomcat/embed/tomcat-embed-el/10.1.33/tomcat-embed-el-10.1.33.jar:/Users/dariomarranti/.m2/repository/org/hibernate/validator/hibernate-validator/8.0.1.Final/hibernate-validator-8.0.1.Final.jar:/Users/dariomarranti/.m2/repository/jakarta/validation/jakarta.validation-api/3.0.2/jakarta.validation-api-3.0.2.jar:"/>
    <property name="java.vm.vendor" value="Eclipse Adoptium"/>
    <property name="sun.arch.data.model" value="64"/>
    <property name="java.vendor.url" value="https://adoptium.net/"/>
    <property name="user.timezone" value="America/Argentina/Buenos_Aires"/>
    <property name="org.jboss.logging.provider" value="slf4j"/>
    <property name="os.name" value="Mac OS X"/>
    <property name="java.vm.specification.version" value="21"/>
    <property name="APPLICATION_NAME" value="project"/>
    <property name="sun.java.launcher" value="SUN_STANDARD"/>
    <property name="user.country" value="AR"/>
    <property name="sun.boot.library.path" value="/Users/dariomarranti/.sdkman/candidates/java/21.0.1-tem/lib"/>
    <property name="sun.java.command" value="/Users/dariomarranti/Develop/Workspace/personal/microblogging/target/surefire/surefirebooter-20250724100155102_23.jar /Users/dariomarranti/Develop/Workspace/personal/microblogging/target/surefire 2025-07-24T10-01-54_887-jvmRun1 surefire-20250724100155102_21tmp surefire_4-20250724100155102_22tmp"/>
    <property name="http.nonProxyHosts" value="local|*.local|169.254/16|*.169.254/16"/>
    <property name="jdk.debug" value="release"/>
    <property name="surefire.test.class.path" value="/Users/dariomarranti/Develop/Workspace/personal/microblogging/target/test-classes:/Users/dariomarranti/Develop/Workspace/personal/microblogging/target/classes:/Users/dariomarranti/.m2/repository/org/springframework/boot/spring-boot-starter-web/3.4.0/spring-boot-starter-web-3.4.0.jar:/Users/dariomarranti/.m2/repository/org/springframework/boot/spring-boot-starter/3.4.0/spring-boot-starter-3.4.0.jar:/Users/dariomarranti/.m2/repository/org/springframework/boot/spring-boot/3.4.0/spring-boot-3.4.0.jar:/Users/dariomarranti/.m2/repository/org/springframework/boot/spring-boot-autoconfigure/3.4.0/spring-boot-autoconfigure-3.4.0.jar:/Users/dariomarranti/.m2/repository/org/springframework/boot/spring-boot-starter-logging/3.4.0/spring-boot-starter-logging-3.4.0.jar:/Users/dariomarranti/.m2/repository/org/apache/logging/log4j/log4j-to-slf4j/2.24.1/log4j-to-slf4j-2.24.1.jar:/Users/dariomarranti/.m2/repository/org/apache/logging/log4j/log4j-api/2.24.1/log4j-api-2.24.1.jar:/Users/dariomarranti/.m2/repository/org/slf4j/jul-to-slf4j/2.0.16/jul-to-slf4j-2.0.16.jar:/Users/dariomarranti/.m2/repository/jakarta/annotation/jakarta.annotation-api/2.1.1/jakarta.annotation-api-2.1.1.jar:/Users/dariomarranti/.m2/repository/org/yaml/snakeyaml/2.3/snakeyaml-2.3.jar:/Users/dariomarranti/.m2/repository/org/springframework/boot/spring-boot-starter-json/3.4.0/spring-boot-starter-json-3.4.0.jar:/Users/dariomarranti/.m2/repository/com/fasterxml/jackson/datatype/jackson-datatype-jdk8/2.18.1/jackson-datatype-jdk8-2.18.1.jar:/Users/dariomarranti/.m2/repository/com/fasterxml/jackson/datatype/jackson-datatype-jsr310/2.18.1/jackson-datatype-jsr310-2.18.1.jar:/Users/dariomarranti/.m2/repository/com/fasterxml/jackson/module/jackson-module-parameter-names/2.18.1/jackson-module-parameter-names-2.18.1.jar:/Users/dariomarranti/.m2/repository/org/springframework/boot/spring-boot-starter-tomcat/3.4.0/spring-boot-starter-tomcat-3.4.0.jar:/Users/dariomarranti/.m2/repository/org/apache/tomcat/embed/tomcat-embed-core/10.1.33/tomcat-embed-core-10.1.33.jar:/Users/dariomarranti/.m2/repository/org/apache/tomcat/embed/tomcat-embed-websocket/10.1.33/tomcat-embed-websocket-10.1.33.jar:/Users/dariomarranti/.m2/repository/org/springframework/spring-web/6.2.0/spring-web-6.2.0.jar:/Users/dariomarranti/.m2/repository/org/springframework/spring-beans/6.2.0/spring-beans-6.2.0.jar:/Users/dariomarranti/.m2/repository/org/springframework/spring-webmvc/6.2.0/spring-webmvc-6.2.0.jar:/Users/dariomarranti/.m2/repository/org/springframework/spring-aop/6.2.0/spring-aop-6.2.0.jar:/Users/dariomarranti/.m2/repository/org/springframework/spring-expression/6.2.0/spring-expression-6.2.0.jar:/Users/dariomarranti/.m2/repository/org/springframework/boot/spring-boot-starter-data-jpa/3.4.0/spring-boot-starter-data-jpa-3.4.0.jar:/Users/dariomarranti/.m2/repository/org/springframework/boot/spring-boot-starter-jdbc/3.4.0/spring-boot-starter-jdbc-3.4.0.jar:/Users/dariomarranti/.m2/repository/com/zaxxer/HikariCP/5.1.0/HikariCP-5.1.0.jar:/Users/dariomarranti/.m2/repository/org/springframework/spring-jdbc/6.2.0/spring-jdbc-6.2.0.jar:/Users/dariomarranti/.m2/repository/org/hibernate/orm/hibernate-core/6.6.2.Final/hibernate-core-6.6.2.Final.jar:/Users/dariomarranti/.m2/repository/jakarta/persistence/jakarta.persistence-api/3.1.0/jakarta.persistence-api-3.1.0.jar:/Users/dariomarranti/.m2/repository/jakarta/transaction/jakarta.transaction-api/2.0.1/jakarta.transaction-api-2.0.1.jar:/Users/dariomarranti/.m2/repository/org/jboss/logging/jboss-logging/3.6.1.Final/jboss-logging-3.6.1.Final.jar:/Users/dariomarranti/.m2/repository/org/hibernate/common/hibernate-commons-annotations/7.0.3.Final/hibernate-commons-annotations-7.0.3.Final.jar:/Users/dariomarranti/.m2/repository/io/smallrye/jandex/3.2.0/jandex-3.2.0.jar:/Users/dariomarranti/.m2/repository/com/fasterxml/classmate/1.7.0/classmate-1.7.0.jar:/Users/dariomarranti/.m2/repository/net/bytebuddy/byte-buddy/1.15.10/byte-buddy-1.15.10.jar:/Users/dariomarranti/.m2/repository/org/glassfish/jaxb/jaxb-runtime/4.0.5/jaxb-runtime-4.0.5.jar:/Users/dariomarranti/.m2/repository/org/glassfish/jaxb/jaxb-core/4.0.5/jaxb-core-4.0.5.jar:/Users/dariomarranti/.m2/repository/org/eclipse/angus/angus-activation/2.0.2/angus-activation-2.0.2.jar:/Users/dariomarranti/.m2/repository/org/glassfish/jaxb/txw2/4.0.5/txw2-4.0.5.jar:/Users/dariomarranti/.m2/repository/com/sun/istack/istack-commons-runtime/4.1.2/istack-commons-runtime-4.1.2.jar:/Users/dariomarranti/.m2/repository/jakarta/inject/jakarta.inject-api/2.0.1/jakarta.inject-api-2.0.1.jar:/Users/dariomarranti/.m2/repository/org/antlr/antlr4-runtime/4.13.0/antlr4-runtime-4.13.0.jar:/Users/dariomarranti/.m2/repository/org/springframework/data/spring-data-jpa/3.4.0/spring-data-jpa-3.4.0.jar:/Users/dariomarranti/.m2/repository/org/springframework/data/spring-data-commons/3.4.0/spring-data-commons-3.4.0.jar:/Users/dariomarranti/.m2/repository/org/springframework/spring-orm/6.2.0/spring-orm-6.2.0.jar:/Users/dariomarranti/.m2/repository/org/springframework/spring-aspects/6.2.0/spring-aspects-6.2.0.jar:/Users/dariomarranti/.m2/repository/org/aspectj/aspectjweaver/1.9.22.1/aspectjweaver-1.9.22.1.jar:/Users/dariomarranti/.m2/repository/com/h2database/h2/2.3.232/h2-2.3.232.jar:/Users/dariomarranti/.m2/repository/org/springframework/boot/spring-boot-starter-data-redis/3.4.0/spring-boot-starter-data-redis-3.4.0.jar:/Users/dariomarranti/.m2/repository/org/springframework/data/spring-data-redis/3.4.0/spring-data-redis-3.4.0.jar:/Users/dariomarranti/.m2/repository/org/springframework/data/spring-data-keyvalue/3.4.0/spring-data-keyvalue-3.4.0.jar:/Users/dariomarranti/.m2/repository/org/springframework/spring-oxm/6.2.0/spring-oxm-6.2.0.jar:/Users/dariomarranti/.m2/repository/org/springframework/spring-context-support/6.2.0/spring-context-support-6.2.0.jar:/Users/dariomarranti/.m2/repository/redis/clients/jedis/5.2.0/jedis-5.2.0.jar:/Users/dariomarranti/.m2/repository/org/slf4j/slf4j-api/2.0.16/slf4j-api-2.0.16.jar:/Users/dariomarranti/.m2/repository/org/apache/commons/commons-pool2/2.12.0/commons-pool2-2.12.0.jar:/Users/dariomarranti/.m2/repository/org/json/json/20240303/json-20240303.jar:/Users/dariomarranti/.m2/repository/com/google/code/gson/gson/2.11.0/gson-2.11.0.jar:/Users/dariomarranti/.m2/repository/com/google/errorprone/error_prone_annotations/2.27.0/error_prone_annotations-2.27.0.jar:/Users/dariomarranti/.m2/repository/com/fasterxml/jackson/core/jackson-databind/2.18.1/jackson-databind-2.18.1.jar:/Users/dariomarranti/.m2/repository/com/fasterxml/jackson/core/jackson-annotations/2.18.1/jackson-annotations-2.18.1.jar:/Users/dariomarranti/.m2/repository/com/fasterxml/jackson/core/jackson-core/2.18.1/jackson-core-2.18.1.jar:/Users/dariomarranti/.m2/repository/org/projectlombok/lombok/1.18.30/lombok-1.18.30.jar:/Users/dariomarranti/.m2/repository/org/springframework/boot/spring-boot-starter-test/3.4.0/spring-boot-starter-test-3.4.0.jar:/Users/dariomarranti/.m2/repository/org/springframework/boot/spring-boot-test/3.4.0/spring-boot-test-3.4.0.jar:/Users/dariomarranti/.m2/repository/org/springframework/boot/spring-boot-test-autoconfigure/3.4.0/spring-boot-test-autoconfigure-3.4.0.jar:/Users/dariomarranti/.m2/repository/com/jayway/jsonpath/json-path/2.9.0/json-path-2.9.0.jar:/Users/dariomarranti/.m2/repository/jakarta/xml/bind/jakarta.xml.bind-api/4.0.2/jakarta.xml.bind-api-4.0.2.jar:/Users/dariomarranti/.m2/repository/jakarta/activation/jakarta.activation-api/2.1.3/jakarta.activation-api-2.1.3.jar:/Users/dariomarranti/.m2/repository/net/minidev/json-smart/2.5.1/json-smart-2.5.1.jar:/Users/dariomarranti/.m2/repository/net/minidev/accessors-smart/2.5.1/accessors-smart-2.5.1.jar:/Users/dariomarranti/.m2/repository/org/ow2/asm/asm/9.6/asm-9.6.jar:/Users/dariomarranti/.m2/repository/org/assertj/assertj-core/3.26.3/assertj-core-3.26.3.jar:/Users/dariomarranti/.m2/repository/org/awaitility/awaitility/4.2.2/awaitility-4.2.2.jar:/Users/dariomarranti/.m2/repository/org/hamcrest/hamcrest/2.2/hamcrest-2.2.jar:/Users/dariomarranti/.m2/repository/org/junit/jupiter/junit-jupiter/5.11.3/junit-jupiter-5.11.3.jar:/Users/dariomarranti/.m2/repository/org/junit/jupiter/junit-jupiter-params/5.11.3/junit-jupiter-params-5.11.3.jar:/Users/dariomarranti/.m2/repository/org/junit/jupiter/junit-jupiter-engine/5.11.3/junit-jupiter-engine-5.11.3.jar:/Users/dariomarranti/.m2/repository/org/mockito/mockito-core/5.14.2/mockito-core-5.14.2.jar:/Users/dariomarranti/.m2/repository/net/bytebuddy/byte-buddy-agent/1.15.10/byte-buddy-agent-1.15.10.jar:/Users/dariomarranti/.m2/repository/org/objenesis/objenesis/3.3/objenesis-3.3.jar:/Users/dariomarranti/.m2/repository/org/skyscreamer/jsonassert/1.5.3/jsonassert-1.5.3.jar:/Users/dariomarranti/.m2/repository/com/vaadin/external/google/android-json/0.0.20131108.vaadin1/android-json-0.0.20131108.vaadin1.jar:/Users/dariomarranti/.m2/repository/org/springframework/spring-core/6.2.0/spring-core-6.2.0.jar:/Users/dariomarranti/.m2/repository/org/springframework/spring-jcl/6.2.0/spring-jcl-6.2.0.jar:/Users/dariomarranti/.m2/repository/org/springframework/spring-test/6.2.0/spring-test-6.2.0.jar:/Users/dariomarranti/.m2/repository/org/xmlunit/xmlunit-core/2.10.0/xmlunit-core-2.10.0.jar:/Users/dariomarranti/.m2/repository/org/springframework/kafka/spring-kafka/3.3.0/spring-kafka-3.3.0.jar:/Users/dariomarranti/.m2/repository/org/springframework/spring-context/6.2.0/spring-context-6.2.0.jar:/Users/dariomarranti/.m2/repository/org/springframework/spring-messaging/6.2.0/spring-messaging-6.2.0.jar:/Users/dariomarranti/.m2/repository/org/springframework/spring-tx/6.2.0/spring-tx-6.2.0.jar:/Users/dariomarranti/.m2/repository/org/springframework/retry/spring-retry/2.0.10/spring-retry-2.0.10.jar:/Users/dariomarranti/.m2/repository/org/apache/kafka/kafka-clients/3.8.1/kafka-clients-3.8.1.jar:/Users/dariomarranti/.m2/repository/com/github/luben/zstd-jni/1.5.6-4/zstd-jni-1.5.6-4.jar:/Users/dariomarranti/.m2/repository/org/lz4/lz4-java/1.8.0/lz4-java-1.8.0.jar:/Users/dariomarranti/.m2/repository/org/xerial/snappy/snappy-java/1.1.10.5/snappy-java-1.1.10.5.jar:/Users/dariomarranti/.m2/repository/io/micrometer/micrometer-observation/1.14.1/micrometer-observation-1.14.1.jar:/Users/dariomarranti/.m2/repository/io/micrometer/micrometer-commons/1.14.1/micrometer-commons-1.14.1.jar:/Users/dariomarranti/.m2/repository/org/springframework/kafka/spring-kafka-test/3.3.0/spring-kafka-test-3.3.0.jar:/Users/dariomarranti/.m2/repository/org/apache/zookeeper/zookeeper/3.8.4/zookeeper-3.8.4.jar:/Users/dariomarranti/.m2/repository/org/apache/zookeeper/zookeeper-jute/3.8.4/zookeeper-jute-3.8.4.jar:/Users/dariomarranti/.m2/repository/org/apache/yetus/audience-annotations/0.12.0/audience-annotations-0.12.0.jar:/Users/dariomarranti/.m2/repository/io/netty/netty-handler/4.1.115.Final/netty-handler-4.1.115.Final.jar:/Users/dariomarranti/.m2/repository/io/netty/netty-common/4.1.115.Final/netty-common-4.1.115.Final.jar:/Users/dariomarranti/.m2/repository/io/netty/netty-resolver/4.1.115.Final/netty-resolver-4.1.115.Final.jar:/Users/dariomarranti/.m2/repository/io/netty/netty-buffer/4.1.115.Final/netty-buffer-4.1.115.Final.jar:/Users/dariomarranti/.m2/repository/io/netty/netty-transport/4.1.115.Final/netty-transport-4.1.115.Final.jar:/Users/dariomarranti/.m2/repository/io/netty/netty-transport-native-unix-common/4.1.115.Final/netty-transport-native-unix-common-4.1.115.Final.jar:/Users/dariomarranti/.m2/repository/io/netty/netty-codec/4.1.115.Final/netty-codec-4.1.115.Final.jar:/Users/dariomarranti/.m2/repository/io/netty/netty-transport-native-epoll/4.1.115.Final/netty-transport-native-epoll-4.1.115.Final.jar:/Users/dariomarranti/.m2/repository/io/netty/netty-transport-classes-epoll/4.1.115.Final/netty-transport-classes-epoll-4.1.115.Final.jar:/Users/dariomarranti/.m2/repository/ch/qos/logback/logback-core/1.5.12/logback-core-1.5.12.jar:/Users/dariomarranti/.m2/repository/ch/qos/logback/logback-classic/1.5.12/logback-classic-1.5.12.jar:/Users/dariomarranti/.m2/repository/commons-io/commons-io/2.11.0/commons-io-2.11.0.jar:/Users/dariomarranti/.m2/repository/org/apache/kafka/kafka-clients/3.8.1/kafka-clients-3.8.1-test.jar:/Users/dariomarranti/.m2/repository/org/apache/kafka/kafka-metadata/3.8.1/kafka-metadata-3.8.1.jar:/Users/dariomarranti/.m2/repository/org/apache/kafka/kafka-raft/3.8.1/kafka-raft-3.8.1.jar:/Users/dariomarranti/.m2/repository/com/yammer/metrics/metrics-core/2.2.0/metrics-core-2.2.0.jar:/Users/dariomarranti/.m2/repository/org/apache/kafka/kafka-server-common/3.8.1/kafka-server-common-3.8.1.jar:/Users/dariomarranti/.m2/repository/net/sf/jopt-simple/jopt-simple/5.0.4/jopt-simple-5.0.4.jar:/Users/dariomarranti/.m2/repository/org/pcollections/pcollections/4.0.1/pcollections-4.0.1.jar:/Users/dariomarranti/.m2/repository/org/apache/kafka/kafka-server-common/3.8.1/kafka-server-common-3.8.1-test.jar:/Users/dariomarranti/.m2/repository/org/apache/kafka/kafka-streams-test-utils/3.8.1/kafka-streams-test-utils-3.8.1.jar:/Users/dariomarranti/.m2/repository/org/apache/kafka/kafka-streams/3.8.1/kafka-streams-3.8.1.jar:/Users/dariomarranti/.m2/repository/org/rocksdb/rocksdbjni/7.9.2/rocksdbjni-7.9.2.jar:/Users/dariomarranti/.m2/repository/org/apache/kafka/kafka_2.13/3.8.1/kafka_2.13-3.8.1.jar:/Users/dariomarranti/.m2/repository/org/scala-lang/scala-library/2.13.14/scala-library-2.13.14.jar:/Users/dariomarranti/.m2/repository/org/apache/kafka/kafka-group-coordinator-api/3.8.1/kafka-group-coordinator-api-3.8.1.jar:/Users/dariomarranti/.m2/repository/org/apache/kafka/kafka-group-coordinator/3.8.1/kafka-group-coordinator-3.8.1.jar:/Users/dariomarranti/.m2/repository/org/apache/kafka/kafka-transaction-coordinator/3.8.1/kafka-transaction-coordinator-3.8.1.jar:/Users/dariomarranti/.m2/repository/org/apache/kafka/kafka-storage-api/3.8.1/kafka-storage-api-3.8.1.jar:/Users/dariomarranti/.m2/repository/org/apache/kafka/kafka-tools-api/3.8.1/kafka-tools-api-3.8.1.jar:/Users/dariomarranti/.m2/repository/org/apache/kafka/kafka-storage/3.8.1/kafka-storage-3.8.1.jar:/Users/dariomarranti/.m2/repository/com/github/ben-manes/caffeine/caffeine/3.1.8/caffeine-3.1.8.jar:/Users/dariomarranti/.m2/repository/org/checkerframework/checker-qual/3.37.0/checker-qual-3.37.0.jar:/Users/dariomarranti/.m2/repository/org/apache/kafka/kafka-server/3.8.1/kafka-server-3.8.1.jar:/Users/dariomarranti/.m2/repository/net/sourceforge/argparse4j/argparse4j/0.7.0/argparse4j-0.7.0.jar:/Users/dariomarranti/.m2/repository/commons-validator/commons-validator/1.7/commons-validator-1.7.jar:/Users/dariomarranti/.m2/repository/commons-beanutils/commons-beanutils/1.9.4/commons-beanutils-1.9.4.jar:/Users/dariomarranti/.m2/repository/commons-digester/commons-digester/2.1/commons-digester-2.1.jar:/Users/dariomarranti/.m2/repository/commons-collections/commons-collections/3.2.2/commons-collections-3.2.2.jar:/Users/dariomarranti/.m2/repository/com/fasterxml/jackson/module/jackson-module-scala_2.13/2.18.1/jackson-module-scala_2.13-2.18.1.jar:/Users/dariomarranti/.m2/repository/com/thoughtworks/paranamer/paranamer/2.8/paranamer-2.8.jar:/Users/dariomarranti/.m2/repository/com/fasterxml/jackson/dataformat/jackson-dataformat-csv/2.18.1/jackson-dataformat-csv-2.18.1.jar:/Users/dariomarranti/.m2/repository/org/bitbucket/b_c/jose4j/0.9.4/jose4j-0.9.4.jar:/Users/dariomarranti/.m2/repository/org/scala-lang/modules/scala-collection-compat_2.13/2.10.0/scala-collection-compat_2.13-2.10.0.jar:/Users/dariomarranti/.m2/repository/org/scala-lang/modules/scala-java8-compat_2.13/1.0.2/scala-java8-compat_2.13-1.0.2.jar:/Users/dariomarranti/.m2/repository/org/scala-lang/scala-reflect/2.13.14/scala-reflect-2.13.14.jar:/Users/dariomarranti/.m2/repository/com/typesafe/scala-logging/scala-logging_2.13/3.9.4/scala-logging_2.13-3.9.4.jar:/Users/dariomarranti/.m2/repository/io/dropwizard/metrics/metrics-core/4.1.12.1/metrics-core-4.1.12.1.jar:/Users/dariomarranti/.m2/repository/commons-cli/commons-cli/1.4/commons-cli-1.4.jar:/Users/dariomarranti/.m2/repository/org/apache/kafka/kafka_2.13/3.8.1/kafka_2.13-3.8.1-test.jar:/Users/dariomarranti/.m2/repository/org/junit/jupiter/junit-jupiter-api/5.11.3/junit-jupiter-api-5.11.3.jar:/Users/dariomarranti/.m2/repository/org/opentest4j/opentest4j/1.3.0/opentest4j-1.3.0.jar:/Users/dariomarranti/.m2/repository/org/junit/platform/junit-platform-commons/1.11.3/junit-platform-commons-1.11.3.jar:/Users/dariomarranti/.m2/repository/org/apiguardian/apiguardian-api/1.1.2/apiguardian-api-1.1.2.jar:/Users/dariomarranti/.m2/repository/org/junit/platform/junit-platform-launcher/1.11.3/junit-platform-launcher-1.11.3.jar:/Users/dariomarranti/.m2/repository/org/junit/platform/junit-platform-engine/1.11.3/junit-platform-engine-1.11.3.jar:/Users/dariomarranti/.m2/repository/org/mockito/mockito-junit-jupiter/5.14.2/mockito-junit-jupiter-5.14.2.jar:/Users/dariomarranti/.m2/repository/org/springframework/boot/spring-boot-starter-validation/3.4.0/spring-boot-starter-validation-3.4.0.jar:/Users/dariomarranti/.m2/repository/org/apache/tomcat/embed/tomcat-embed-el/10.1.33/tomcat-embed-el-10.1.33.jar:/Users/dariomarranti/.m2/repository/org/hibernate/validator/hibernate-validator/8.0.1.Final/hibernate-validator-8.0.1.Final.jar:/Users/dariomarranti/.m2/repository/jakarta/validation/jakarta.validation-api/3.0.2/jakarta.validation-api-3.0.2.jar:"/>
    <property name="sun.cpu.endian" value="little"/>
    <property name="user.home" value="/Users/dariomarranti"/>
    <property name="user.language" value="en"/>
    <property name="java.specification.vendor" value="Oracle Corporation"/>
    <property name="java.version.date" value="2023-10-17"/>
    <property name="java.home" value="/Users/dariomarranti/.sdkman/candidates/java/21.0.1-tem"/>
    <property name="file.separator" value="/"/>
    <property name="basedir" value="/Users/dariomarranti/Develop/Workspace/personal/microblogging"/>
    <property name="java.vm.compressedOopsMode" value="Zero based"/>
    <property name="line.separator" value="&#10;"/>
    <property name="java.vm.specification.vendor" value="Oracle Corporation"/>
    <property name="java.specification.name" value="Java Platform API Specification"/>
    <property name="FILE_LOG_CHARSET" value="UTF-8"/>
    <property name="java.awt.headless" value="true"/>
    <property name="apple.awt.application.name" value="ForkedBooter"/>
    <property name="surefire.real.class.path" value="/Users/dariomarranti/Develop/Workspace/personal/microblogging/target/surefire/surefirebooter-20250724100155102_23.jar"/>
    <property name="sun.management.compiler" value="HotSpot 64-Bit Tiered Compilers"/>
    <property name="ftp.nonProxyHosts" value="local|*.local|169.254/16|*.169.254/16"/>
    <property name="java.runtime.version" value="21.0.1+12-LTS"/>
    <property name="user.name" value="dariomarranti"/>
    <property name="stdout.encoding" value="UTF-8"/>
    <property name="path.separator" value=":"/>
    <property name="os.version" value="13.2.1"/>
    <property name="java.runtime.name" value="OpenJDK Runtime Environment"/>
    <property name="file.encoding" value="UTF-8"/>
    <property name="java.vm.name" value="OpenJDK 64-Bit Server VM"/>
    <property name="java.vendor.version" value="Temurin-21.0.1+12"/>
    <property name="localRepository" value="/Users/dariomarranti/.m2/repository"/>
    <property name="java.vendor.url.bug" value="https://github.com/adoptium/adoptium-support/issues"/>
    <property name="java.io.tmpdir" value="/var/folders/p6/qt_3lq_126b1g3665bf5y_hw0000gn/T/"/>
    <property name="idea.version" value="2024.3.4.1"/>
    <property name="com.zaxxer.hikari.pool_number" value="1"/>
    <property name="java.version" value="21.0.1"/>
    <property name="user.dir" value="/Users/dariomarranti/Develop/Workspace/personal/microblogging"/>
    <property name="os.arch" value="aarch64"/>
    <property name="java.vm.specification.name" value="Java Virtual Machine Specification"/>
    <property name="PID" value="1428"/>
    <property name="CONSOLE_LOG_CHARSET" value="UTF-8"/>
    <property name="native.encoding" value="UTF-8"/>
    <property name="java.library.path" value="/Users/dariomarranti/Library/Java/Extensions:/Library/Java/Extensions:/Network/Library/Java/Extensions:/System/Library/Java/Extensions:/usr/lib/java:."/>
    <property name="java.vm.info" value="mixed mode"/>
    <property name="stderr.encoding" value="UTF-8"/>
    <property name="java.vendor" value="Eclipse Adoptium"/>
    <property name="java.vm.version" value="21.0.1+12-LTS"/>
    <property name="sun.io.unicode.encoding" value="UnicodeBig"/>
    <property name="socksNonProxyHosts" value="local|*.local|169.254/16|*.169.254/16"/>
    <property name="java.class.version" value="65.0"/>
    <property name="LOGGED_APPLICATION_NAME" value="[project] "/>
  </properties>
  <testcase name="contextLoads" classname="com.microblogging.project.ProjectApplicationTests" time="0.311">
    <system-out><![CDATA[10:01:59.561 [main] INFO org.springframework.test.context.support.AnnotationConfigContextLoaderUtils -- Could not detect default configuration classes for test class [com.microblogging.project.ProjectApplicationTests]: ProjectApplicationTests does not declare any static, non-private, non-final, nested classes annotated with @Configuration.
10:01:59.604 [main] INFO org.springframework.boot.test.context.SpringBootTestContextBootstrapper -- Found @SpringBootConfiguration com.microblogging.project.ProjectApplication for test class com.microblogging.project.ProjectApplicationTests

  .   ____          _            __ _ _
 /\\ / ___'_ __ _ _(_)_ __  __ _ \ \ \ \
( ( )\___ | '_ | '_| | '_ \/ _` | \ \ \ \
 \\/  ___)| |_)| | | | | || (_| |  ) ) ) )
  '  |____| .__|_| |_|_| |_\__, | / / / /
 =========|_|==============|___/=/_/_/_/

 :: Spring Boot ::                (v3.4.0)

2025-07-24T10:01:59.757-03:00  WARN 1428 --- [project] [           main] ory$DuplicateJsonObjectContextCustomizer : 

Found multiple occurrences of org.json.JSONObject on the class path:

	jar:file:/Users/dariomarranti/.m2/repository/org/json/json/20240303/json-20240303.jar!/org/json/JSONObject.class
	jar:file:/Users/dariomarranti/.m2/repository/com/vaadin/external/google/android-json/0.0.20131108.vaadin1/android-json-0.0.20131108.vaadin1.jar!/org/json/JSONObject.class

You may wish to exclude one of them to ensure predictable runtime behavior

2025-07-24T10:01:59.764-03:00  INFO 1428 --- [project] [           main] c.m.project.ProjectApplicationTests      : Starting ProjectApplicationTests using Java 21.0.1 with PID 1428 (started by dariomarranti in /Users/dariomarranti/Develop/Workspace/personal/microblogging)
2025-07-24T10:01:59.764-03:00  INFO 1428 --- [project] [           main] c.m.project.ProjectApplicationTests      : No active profile set, falling back to 1 default profile: "default"
2025-07-24T10:02:00.025-03:00  INFO 1428 --- [project] [           main] .s.d.r.c.RepositoryConfigurationDelegate : Multiple Spring Data modules found, entering strict repository configuration mode
2025-07-24T10:02:00.025-03:00  INFO 1428 --- [project] [           main] .s.d.r.c.RepositoryConfigurationDelegate : Bootstrapping Spring Data JPA repositories in DEFAULT mode.
2025-07-24T10:02:00.053-03:00  INFO 1428 --- [project] [           main] .s.d.r.c.RepositoryConfigurationDelegate : Finished Spring Data repository scanning in 23 ms. Found 3 JPA repository interfaces.
2025-07-24T10:02:00.270-03:00  INFO 1428 --- [project] [           main] o.hibernate.jpa.internal.util.LogHelper  : HHH000204: Processing PersistenceUnitInfo [name: default]
2025-07-24T10:02:00.292-03:00  INFO 1428 --- [project] [           main] org.hibernate.Version                    : HHH000412: Hibernate ORM core version 6.6.2.Final
2025-07-24T10:02:00.305-03:00  INFO 1428 --- [project] [           main] o.h.c.internal.RegionFactoryInitiator    : HHH000026: Second-level cache disabled
2025-07-24T10:02:00.406-03:00  INFO 1428 --- [project] [           main] o.s.o.j.p.SpringPersistenceUnitInfo      : No LoadTimeWeaver setup: ignoring JPA class transformer
2025-07-24T10:02:00.417-03:00  INFO 1428 --- [project] [           main] com.zaxxer.hikari.HikariDataSource       : HikariPool-1 - Starting...
2025-07-24T10:02:00.490-03:00  INFO 1428 --- [project] [           main] com.zaxxer.hikari.pool.HikariPool        : HikariPool-1 - Added connection conn0: url=jdbc:h2:mem:microblogdb user=SA
2025-07-24T10:02:00.491-03:00  INFO 1428 --- [project] [           main] com.zaxxer.hikari.HikariDataSource       : HikariPool-1 - Start completed.
2025-07-24T10:02:00.506-03:00  WARN 1428 --- [project] [           main] org.hibernate.orm.deprecation            : HHH90000025: H2Dialect does not need to be specified explicitly using 'hibernate.dialect' (remove the property setting and it will be selected by default)
2025-07-24T10:02:00.514-03:00  INFO 1428 --- [project] [           main] org.hibernate.orm.connections.pooling    : HHH10001005: Database info:
	Database JDBC URL [Connecting through datasource 'HikariDataSource (HikariPool-1)']
	Database driver: undefined/unknown
	Database version: 2.3.232
	Autocommit mode: undefined/unknown
	Isolation level: undefined/unknown
	Minimum pool size: undefined/unknown
	Maximum pool size: undefined/unknown
2025-07-24T10:02:00.993-03:00  INFO 1428 --- [project] [           main] o.h.e.t.j.p.i.JtaPlatformInitiator       : HHH000489: No JTA platform available (set 'hibernate.transaction.jta.platform' to enable JTA platform integration)
2025-07-24T10:02:00.998-03:00 DEBUG 1428 --- [project] [           main] org.hibernate.SQL                        : 
    drop table if exists follows cascade 
Hibernate: 
    drop table if exists follows cascade 
2025-07-24T10:02:01.000-03:00 DEBUG 1428 --- [project] [           main] org.hibernate.SQL                        : 
    drop table if exists tweets cascade 
Hibernate: 
    drop table if exists tweets cascade 
2025-07-24T10:02:01.000-03:00 DEBUG 1428 --- [project] [           main] org.hibernate.SQL                        : 
    drop table if exists "users" cascade 
Hibernate: 
    drop table if exists "users" cascade 
2025-07-24T10:02:01.002-03:00 DEBUG 1428 --- [project] [           main] org.hibernate.SQL                        : 
    create table follows (
        id bigint generated by default as identity,
        followee_id uuid not null,
        follower_id uuid not null,
        primary key (id),
        unique (follower_id, followee_id)
    )
Hibernate: 
    create table follows (
        id bigint generated by default as identity,
        followee_id uuid not null,
        follower_id uuid not null,
        primary key (id),
        unique (follower_id, followee_id)
    )
2025-07-24T10:02:01.006-03:00 DEBUG 1428 --- [project] [           main] org.hibernate.SQL                        : 
    create table tweets (
        created_at timestamp(6) not null,
        id uuid not null,
        user_id uuid not null,
        content varchar(280) not null,
        primary key (id)
    )
Hibernate: 
    create table tweets (
        created_at timestamp(6) not null,
        id uuid not null,
        user_id uuid not null,
        content varchar(280) not null,
        primary key (id)
    )
2025-07-24T10:02:01.006-03:00 DEBUG 1428 --- [project] [           main] org.hibernate.SQL                        : 
    create table "users" (
        created_at timestamp(6) not null,
        id uuid not null,
        username varchar(50) not null unique,
        email varchar(100) not null unique,
        password_hash varchar(255) not null,
        primary key (id)
    )
Hibernate: 
    create table "users" (
        created_at timestamp(6) not null,
        id uuid not null,
        username varchar(50) not null unique,
        email varchar(100) not null unique,
        password_hash varchar(255) not null,
        primary key (id)
    )
2025-07-24T10:02:01.008-03:00  INFO 1428 --- [project] [           main] j.LocalContainerEntityManagerFactoryBean : Initialized JPA EntityManagerFactory for persistence unit 'default'
2025-07-24T10:02:01.145-03:00  INFO 1428 --- [project] [           main] o.s.d.j.r.query.QueryEnhancerFactory     : Hibernate is in classpath; If applicable, HQL parser will be used.
2025-07-24T10:02:01.583-03:00  WARN 1428 --- [project] [           main] JpaBaseConfiguration$JpaWebConfiguration : spring.jpa.open-in-view is enabled by default. Therefore, database queries may be performed during view rendering. Explicitly configure spring.jpa.open-in-view to disable this warning
2025-07-24T10:02:01.723-03:00  INFO 1428 --- [project] [           main] o.s.b.a.h2.H2ConsoleAutoConfiguration    : H2 console available at '/h2-console'. Database available at 'jdbc:h2:mem:microblogdb'
2025-07-24T10:02:01.734-03:00 DEBUG 1428 --- [project] [           main] o.s.jdbc.datasource.init.ScriptUtils     : Executing SQL script from file [/Users/dariomarranti/Develop/Workspace/personal/microblogging/target/classes/data.sql]
2025-07-24T10:02:01.736-03:00 DEBUG 1428 --- [project] [           main] o.s.jdbc.datasource.init.ScriptUtils     : 0 returned as update count for SQL: DELETE FROM tweets
2025-07-24T10:02:01.736-03:00 DEBUG 1428 --- [project] [           main] o.s.jdbc.datasource.init.ScriptUtils     : 0 returned as update count for SQL: DELETE FROM follows
2025-07-24T10:02:01.737-03:00 DEBUG 1428 --- [project] [           main] o.s.jdbc.datasource.init.ScriptUtils     : 0 returned as update count for SQL: DELETE FROM "users"
2025-07-24T10:02:01.738-03:00 DEBUG 1428 --- [project] [           main] o.s.jdbc.datasource.init.ScriptUtils     : 3 returned as update count for SQL: INSERT INTO "users" (id, username, password_hash, email, created_at) VALUES ('11111111-1111-1111-1111-111111111111', 'alice', '$2a$10$abcdefghijklmnopqrstuvwxyz', 'alice@example.com', '2023-01-01 10:00:00'), ('22222222-2222-2222-2222-222222222222', 'bob', '$2a$10$abcdefghijklmnopqrstuvwxyz', 'bob@example.com', '2023-01-02 11:00:00'), ('33333333-3333-3333-3333-333333333333', 'charlie', '$2a$10$abcdefghijklmnopqrstuvwxyz', 'charlie@example.com', '2023-01-03 12:00:00')
2025-07-24T10:02:01.738-03:00 DEBUG 1428 --- [project] [           main] o.s.jdbc.datasource.init.ScriptUtils     : 1 returned as update count for SQL: INSERT INTO follows (follower_id, followee_id) VALUES ('11111111-1111-1111-1111-111111111111', '22222222-2222-2222-2222-222222222222')
2025-07-24T10:02:01.739-03:00 DEBUG 1428 --- [project] [           main] o.s.jdbc.datasource.init.ScriptUtils     : 2 returned as update count for SQL: INSERT INTO follows (follower_id, followee_id) VALUES ('22222222-2222-2222-2222-222222222222', '11111111-1111-1111-1111-111111111111'), ('22222222-2222-2222-2222-222222222222', '33333333-3333-3333-3333-333333333333')
2025-07-24T10:02:01.739-03:00 DEBUG 1428 --- [project] [           main] o.s.jdbc.datasource.init.ScriptUtils     : 1 returned as update count for SQL: INSERT INTO follows (follower_id, followee_id) VALUES ('33333333-3333-3333-3333-333333333333', '11111111-1111-1111-1111-111111111111')
2025-07-24T10:02:01.739-03:00 DEBUG 1428 --- [project] [           main] o.s.jdbc.datasource.init.ScriptUtils     : 3 returned as update count for SQL: INSERT INTO tweets (id, user_id, content, created_at) VALUES ('aaaaaaaa-aaaa-aaaa-aaaa-aaaaaaaaaaaa', '11111111-1111-1111-1111-111111111111', 'Hello Twitter, this is Alice!', '2024-07-22 10:00:00'), ('bbbbbbbb-bbbb-bbbb-bbbb-bbbbbbbbbbbb', '11111111-1111-1111-1111-111111111111', 'Just posted my second tweet! #microblogging', '2024-07-22 10:05:00'), ('cccccccc-cccc-cccc-cccc-cccccccccccc', '11111111-1111-1111-1111-111111111111', 'Enjoying the sun today!', '2024-07-22 10:15:00')
2025-07-24T10:02:01.739-03:00 DEBUG 1428 --- [project] [           main] o.s.jdbc.datasource.init.ScriptUtils     : 3 returned as update count for SQL: INSERT INTO tweets (id, user_id, content, created_at) VALUES ('dddddddd-dddd-dddd-dddd-dddddddddddd', '22222222-2222-2222-2222-222222222222', 'Bob is here! What''s up, world?', '2024-07-22 10:02:00'), ('eeeeeeee-eeee-eeee-eeee-eeeeeeeeeeee', '22222222-2222-2222-2222-222222222222', 'Thinking about microservices architecture...', '2024-07-22 10:10:00'), ('ffffffff-ffff-ffff-ffff-ffffffffffff', '22222222-2222-2222-2222-222222222222', 'Anyone for coffee?', '2024-07-22 10:20:00')
2025-07-24T10:02:01.740-03:00 DEBUG 1428 --- [project] [           main] o.s.jdbc.datasource.init.ScriptUtils     : 1 returned as update count for SQL: INSERT INTO tweets (id, user_id, content, created_at) VALUES ('44444444-4444-4444-4444-444444444444', '33333333-3333-3333-3333-333333333333', 'Charlie''s first tweet!', '2024-07-22 10:07:00')
2025-07-24T10:02:01.740-03:00 DEBUG 1428 --- [project] [           main] o.s.jdbc.datasource.init.ScriptUtils     : Executed SQL script from file [/Users/dariomarranti/Develop/Workspace/personal/microblogging/target/classes/data.sql] in 6 ms.
2025-07-24T10:02:01.783-03:00  INFO 1428 --- [project] [           main] c.m.project.ProjectApplicationTests      : Started ProjectApplicationTests in 2.127 seconds (process running for 2.538)
]]></system-out>
    <system-err><![CDATA[Jul 24, 2025 10:01:59 AM org.junit.platform.launcher.core.LauncherConfigurationParameters loadClasspathResource
WARNING: Discovered 3 'junit-platform.properties' configuration files on the classpath (see below); only the first (*) will be used.
- jar:file:/Users/dariomarranti/.m2/repository/org/apache/kafka/kafka-clients/3.8.1/kafka-clients-3.8.1-test.jar!/junit-platform.properties (*)
- jar:file:/Users/dariomarranti/.m2/repository/org/apache/kafka/kafka-server-common/3.8.1/kafka-server-common-3.8.1-test.jar!/junit-platform.properties
- jar:file:/Users/dariomarranti/.m2/repository/org/apache/kafka/kafka_2.13/3.8.1/kafka_2.13-3.8.1-test.jar!/junit-platform.properties
Jul 24, 2025 10:01:59 AM org.junit.platform.launcher.core.LauncherConfigurationParameters loadClasspathResource
WARNING: Discovered 3 'junit-platform.properties' configuration files on the classpath (see below); only the first (*) will be used.
- jar:file:/Users/dariomarranti/.m2/repository/org/apache/kafka/kafka-clients/3.8.1/kafka-clients-3.8.1-test.jar!/junit-platform.properties (*)
- jar:file:/Users/dariomarranti/.m2/repository/org/apache/kafka/kafka-server-common/3.8.1/kafka-server-common-3.8.1-test.jar!/junit-platform.properties
- jar:file:/Users/dariomarranti/.m2/repository/org/apache/kafka/kafka_2.13/3.8.1/kafka_2.13-3.8.1-test.jar!/junit-platform.properties
Mockito is currently self-attaching to enable the inline-mock-maker. This will no longer work in future releases of the JDK. Please add Mockito as an agent to your build what is described in Mockito's documentation: https://javadoc.io/doc/org.mockito/mockito-core/latest/org/mockito/Mockito.html#0.3
WARNING: A Java agent has been loaded dynamically (/Users/dariomarranti/.m2/repository/net/bytebuddy/byte-buddy-agent/1.15.10/byte-buddy-agent-1.15.10.jar)
WARNING: If a serviceability tool is in use, please run with -XX:+EnableDynamicAgentLoading to hide this warning
WARNING: If a serviceability tool is not in use, please run with -Djdk.instrument.traceUsage for more information
WARNING: Dynamic loading of agents will be disallowed by default in a future release
]]></system-err>
  </testcase>
</testsuite>